<?xml version="1.0" encoding="UTF-8"?>
<testsuite xmlns:xsi="http://www.w3.org/2001/XMLSchema-instance" xsi:noNamespaceSchemaLocation="https://maven.apache.org/surefire/maven-surefire-plugin/xsd/surefire-test-report.xsd" version="3.0.2" name="com.fyd.backend.service.OAuthPropertyTest" time="1.701" tests="8" errors="0" skipped="0" failures="0">
  <properties>
[...]
</properties>
  <testcase name="Feature: customer-authentication, Property 8: OAuth Account Handling - Returns existing OAuth-linked account" classname="OAuthPropertyTest" time="1.446">
    <system-out><![CDATA[timestamp = 2026-01-16T19:59:29.813494800, OAuthPropertyTest:Feature: customer-authentication, Property 8: OAuth Account Handling - Returns existing OAuth-linked account = 
                              |-----------------------jqwik-----------------------
tries = 20                    | # of calls to property
checks = 20                   | # of not rejected calls
generation = RANDOMIZED       | parameters are randomly generated
after-failure = SAMPLE_FIRST  | try previously failed sample, then previous seed
when-fixed-seed = ALLOW       | fixing the random seed is allowed
edge-cases#mode = MIXIN       | edge cases are mixed in
edge-cases#total = 20         | # of all combined edge cases
edge-cases#tried = 3          | # of edge cases tried in current run
seed = 5314314688756380043    | random seed to reproduce generated values


]]></system-out>
  </testcase>
  <testcase name="Feature: customer-authentication, Property 9: OAuth Error Response - Returns error for unsupported provider" classname="OAuthPropertyTest" time="0.014">
    <system-out><![CDATA[timestamp = 2026-01-16T19:59:29.828928100, OAuthPropertyTest:Feature: customer-authentication, Property 9: OAuth Error Response - Returns error for unsupported provider = 
                              |-----------------------jqwik-----------------------
tries = 10                    | # of calls to property
checks = 10                   | # of not rejected calls
generation = RANDOMIZED       | parameters are randomly generated
after-failure = SAMPLE_FIRST  | try previously failed sample, then previous seed
when-fixed-seed = ALLOW       | fixing the random seed is allowed
edge-cases#mode = MIXIN       | edge cases are mixed in
edge-cases#total = 6          | # of all combined edge cases
edge-cases#tried = 3          | # of edge cases tried in current run
seed = -3598407196646262370   | random seed to reproduce generated values


]]></system-out>
  </testcase>
  <testcase name="Feature: customer-authentication, Property 8: OAuth Account Handling - Links OAuth to existing account by email" classname="OAuthPropertyTest" time="0.069">
    <system-out><![CDATA[timestamp = 2026-01-16T19:59:29.897982100, OAuthPropertyTest:Feature: customer-authentication, Property 8: OAuth Account Handling - Links OAuth to existing account by email = 
                              |-----------------------jqwik-----------------------
tries = 20                    | # of calls to property
checks = 20                   | # of not rejected calls
generation = RANDOMIZED       | parameters are randomly generated
after-failure = SAMPLE_FIRST  | try previously failed sample, then previous seed
when-fixed-seed = ALLOW       | fixing the random seed is allowed
edge-cases#mode = MIXIN       | edge cases are mixed in
edge-cases#total = 20         | # of all combined edge cases
edge-cases#tried = 5          | # of edge cases tried in current run
seed = -2031406386034629003   | random seed to reproduce generated values


]]></system-out>
  </testcase>
  <testcase name="Feature: customer-authentication, Property 9: OAuth Error Response - Error response always has message" classname="OAuthPropertyTest" time="0.035">
    <system-out><![CDATA[timestamp = 2026-01-16T19:59:29.932353200, OAuthPropertyTest:Feature: customer-authentication, Property 9: OAuth Error Response - Error response always has message = 
                              |-----------------------jqwik-----------------------
tries = 20                    | # of calls to property
checks = 20                   | # of not rejected calls
generation = RANDOMIZED       | parameters are randomly generated
after-failure = SAMPLE_FIRST  | try previously failed sample, then previous seed
when-fixed-seed = ALLOW       | fixing the random seed is allowed
edge-cases#mode = MIXIN       | edge cases are mixed in
edge-cases#total = 12         | # of all combined edge cases
edge-cases#tried = 2          | # of edge cases tried in current run
seed = -6763314978754378591   | random seed to reproduce generated values


]]></system-out>
  </testcase>
  <testcase name="Feature: customer-authentication, Property 9: OAuth Error Response - Returns error for empty token" classname="OAuthPropertyTest" time="0.02">
    <system-out><![CDATA[timestamp = 2026-01-16T19:59:29.953398500, OAuthPropertyTest:Feature: customer-authentication, Property 9: OAuth Error Response - Returns error for empty token = 
                              |-----------------------jqwik-----------------------
tries = 2                     | # of calls to property
checks = 2                    | # of not rejected calls
generation = EXHAUSTIVE       | parameters are exhaustively generated
after-failure = SAMPLE_FIRST  | try previously failed sample, then previous seed
when-fixed-seed = ALLOW       | fixing the random seed is allowed
edge-cases#mode = MIXIN       | edge cases are mixed in
edge-cases#total = 0          | # of all combined edge cases
edge-cases#tried = 0          | # of edge cases tried in current run
seed = -294974659938171119    | random seed to reproduce generated values


]]></system-out>
  </testcase>
  <testcase name="Feature: customer-authentication, Property 8: OAuth Account Handling - Rejects blocked accounts" classname="OAuthPropertyTest" time="0.044">
    <system-out><![CDATA[timestamp = 2026-01-16T19:59:29.998023200, OAuthPropertyTest:Feature: customer-authentication, Property 8: OAuth Account Handling - Rejects blocked accounts = 
                              |-----------------------jqwik-----------------------
tries = 20                    | # of calls to property
checks = 20                   | # of not rejected calls
generation = RANDOMIZED       | parameters are randomly generated
after-failure = SAMPLE_FIRST  | try previously failed sample, then previous seed
when-fixed-seed = ALLOW       | fixing the random seed is allowed
edge-cases#mode = MIXIN       | edge cases are mixed in
edge-cases#total = 20         | # of all combined edge cases
edge-cases#tried = 5          | # of edge cases tried in current run
seed = -4754603544162457469   | random seed to reproduce generated values


]]></system-out>
  </testcase>
  <testcase name="Feature: customer-authentication, Property 9: OAuth Error Response - Returns error for invalid token" classname="OAuthPropertyTest" time="0.021">
    <system-out><![CDATA[timestamp = 2026-01-16T19:59:30.020703500, OAuthPropertyTest:Feature: customer-authentication, Property 9: OAuth Error Response - Returns error for invalid token = 
                              |-----------------------jqwik-----------------------
tries = 20                    | # of calls to property
checks = 20                   | # of not rejected calls
generation = RANDOMIZED       | parameters are randomly generated
after-failure = SAMPLE_FIRST  | try previously failed sample, then previous seed
when-fixed-seed = ALLOW       | fixing the random seed is allowed
edge-cases#mode = MIXIN       | edge cases are mixed in
edge-cases#total = 12         | # of all combined edge cases
edge-cases#tried = 5          | # of edge cases tried in current run
seed = 1100529091170556056    | random seed to reproduce generated values


]]></system-out>
  </testcase>
  <testcase name="Feature: customer-authentication, Property 8: OAuth Account Handling - Creates new account for new email" classname="OAuthPropertyTest" time="0.047">
    <system-out><![CDATA[timestamp = 2026-01-16T19:59:30.067359800, OAuthPropertyTest:Feature: customer-authentication, Property 8: OAuth Account Handling - Creates new account for new email = 
                              |-----------------------jqwik-----------------------
tries = 20                    | # of calls to property
checks = 20                   | # of not rejected calls
generation = RANDOMIZED       | parameters are randomly generated
after-failure = SAMPLE_FIRST  | try previously failed sample, then previous seed
when-fixed-seed = ALLOW       | fixing the random seed is allowed
edge-cases#mode = MIXIN       | edge cases are mixed in
edge-cases#total = 20         | # of all combined edge cases
edge-cases#tried = 1          | # of edge cases tried in current run
seed = -4719685704378602251   | random seed to reproduce generated values


]]></system-out>
  </testcase>
</testsuite>